  Camera.cpp
  d3dApp.cpp
C:\Users\tail\source\repos\d3d12book\Common\d3dApp.cpp(200): error C2102: “&”要求左值
C:\Users\tail\source\repos\d3d12book\Common\d3dApp.cpp(217): error C2102: “&”要求左值
C:\Users\tail\source\repos\d3d12book\Common\d3dApp.cpp(553,77): error C2664: “HANDLE CreateEventExW(LPSECURITY_ATTRIBUTES,LPCWSTR,DWORD,DWORD)”: 无法将参数 2 从“bool”转换为“LPCWSTR”
C:\Users\tail\source\repos\d3d12book\Common\d3dApp.cpp(553,47): message : 从整型强制转换为指针类型要求 reinterpret_cast、C 样式强制转换或函数样式强制转换
C:\Program Files (x86)\Windows Kits\10\Include\10.0.19041.0\um\synchapi.h(641,1): message : 参见“CreateEventExW”的声明
  d3dUtil.cpp
C:\Users\tail\source\repos\d3d12book\Common\d3dUtil.cpp(48): error C2102: “&”要求左值
C:\Users\tail\source\repos\d3d12book\Common\d3dUtil.cpp(58): error C2102: “&”要求左值
C:\Users\tail\source\repos\d3d12book\Common\d3dUtil.cpp(76): error C2102: “&”要求左值
C:\Users\tail\source\repos\d3d12book\Common\d3dUtil.cpp(79): error C2102: “&”要求左值
  DDSTextureLoader.cpp
C:\Users\tail\source\repos\d3d12book\Common\DDSTextureLoader.cpp(1273): error C2102: “&”要求左值
C:\Users\tail\source\repos\d3d12book\Common\DDSTextureLoader.cpp(1292): error C2102: “&”要求左值
C:\Users\tail\source\repos\d3d12book\Common\DDSTextureLoader.cpp(1294): error C2102: “&”要求左值
C:\Users\tail\source\repos\d3d12book\Common\DDSTextureLoader.cpp(1305): error C2102: “&”要求左值
C:\Users\tail\source\repos\d3d12book\Common\DDSTextureLoader.cpp(1311): error C2102: “&”要求左值
  GameTimer.cpp
  GeometryGenerator.cpp
  MathHelper.cpp
  BoxApp.cpp
C:\Users\tail\source\repos\d3d12book\myd3d\myd3d\BoxApp.cpp(210): error C2102: “&”要求左值
C:\Users\tail\source\repos\d3d12book\myd3d\myd3d\BoxApp.cpp(217): error C2102: “&”要求左值
C:\Users\tail\source\repos\d3d12book\myd3d\myd3d\BoxApp.cpp(218): error C2102: “&”要求左值
C:\Users\tail\source\repos\d3d12book\myd3d\myd3d\BoxApp.cpp(202): error C2102: “&”要求左值
C:\Users\tail\source\repos\d3d12book\myd3d\myd3d\BoxApp.cpp(228): error C2102: “&”要求左值
