c:\users\tail\source\repos\d3d12book\myd3d\myd3d\debug\vc143.pdb
c:\users\tail\source\repos\d3d12book\myd3d\myd3d\debug\vc143.idb
c:\users\tail\source\repos\d3d12book\myd3d\myd3d\debug\myd3d.obj
c:\users\tail\source\repos\d3d12book\myd3d\myd3d\debug\boxapp.obj
c:\users\tail\source\repos\d3d12book\myd3d\myd3d\debug\mathhelper.obj
c:\users\tail\source\repos\d3d12book\myd3d\myd3d\debug\geometrygenerator.obj
c:\users\tail\source\repos\d3d12book\myd3d\myd3d\debug\gametimer.obj
c:\users\tail\source\repos\d3d12book\myd3d\myd3d\debug\ddstextureloader.obj
c:\users\tail\source\repos\d3d12book\myd3d\myd3d\debug\d3dutil.obj
c:\users\tail\source\repos\d3d12book\myd3d\myd3d\debug\d3dapp.obj
c:\users\tail\source\repos\d3d12book\myd3d\myd3d\debug\camera.obj
c:\users\tail\source\repos\d3d12book\myd3d\debug\myd3d.exe
c:\users\tail\source\repos\d3d12book\myd3d\myd3d\debug\myd3d.ilk
c:\users\tail\source\repos\d3d12book\myd3d\debug\myd3d.pdb
c:\users\tail\source\repos\d3d12book\myd3d\myd3d\debug\myd3d.res
c:\users\tail\source\repos\d3d12book\myd3d\myd3d\debug\myd3d.tlog\cl.command.1.tlog
c:\users\tail\source\repos\d3d12book\myd3d\myd3d\debug\myd3d.tlog\cl.read.1.tlog
c:\users\tail\source\repos\d3d12book\myd3d\myd3d\debug\myd3d.tlog\cl.write.1.tlog
c:\users\tail\source\repos\d3d12book\myd3d\myd3d\debug\myd3d.tlog\link.command.1.tlog
c:\users\tail\source\repos\d3d12book\myd3d\myd3d\debug\myd3d.tlog\link.read.1.tlog
c:\users\tail\source\repos\d3d12book\myd3d\myd3d\debug\myd3d.tlog\link.write.1.tlog
c:\users\tail\source\repos\d3d12book\myd3d\myd3d\debug\myd3d.tlog\rc.command.1.tlog
c:\users\tail\source\repos\d3d12book\myd3d\myd3d\debug\myd3d.tlog\rc.read.1.tlog
c:\users\tail\source\repos\d3d12book\myd3d\myd3d\debug\myd3d.tlog\rc.write.1.tlog
